0 info it worked if it ends with ok
1 verbose cli [ '/usr/bin/nodejs', '/usr/bin/npm', 'install', '-g', 'mongodb' ]
2 info using npm@3.5.2
3 info using node@v4.2.6
4 silly loadCurrentTree Starting
5 silly install loadCurrentTree
6 silly install readGlobalPackageData
7 silly fetchPackageMetaData mongodb
8 silly fetchNamedPackageData mongodb
9 silly mapToRegistry name mongodb
10 silly mapToRegistry using default registry
11 silly mapToRegistry registry https://registry.npmjs.org/
12 silly mapToRegistry uri https://registry.npmjs.org/mongodb
13 verbose request uri https://registry.npmjs.org/mongodb
14 verbose request no auth needed
15 info attempt registry request try #1 at 5:22:40 PM
16 verbose request id b92c5f810997eae5
17 http request GET https://registry.npmjs.org/mongodb
18 http 200 https://registry.npmjs.org/mongodb
19 verbose headers { 'content-type': 'application/json; charset=UTF-8',
19 verbose headers   server: 'UploadServer',
19 verbose headers   'cache-control': 'max-age=300',
19 verbose headers   'last-modified': 'Thu, 15 Mar 2018 4:50:18 GMT',
19 verbose headers   etag: '"5aa9fb8a-a22a6"',
19 verbose headers   'x-npm-region': 'US-West',
19 verbose headers   'content-encoding': 'gzip',
19 verbose headers   'content-length': '43365',
19 verbose headers   'accept-ranges': 'bytes',
19 verbose headers   date: 'Tue, 20 Mar 2018 00:22:40 GMT',
19 verbose headers   via: '1.1 varnish',
19 verbose headers   age: '12006',
19 verbose headers   connection: 'keep-alive',
19 verbose headers   'x-served-by': 'cache-sea1045-SEA',
19 verbose headers   'x-cache': 'HIT',
19 verbose headers   'x-cache-hits': '36',
19 verbose headers   'x-timer': 'S1521505361.688530,VS0,VE0',
19 verbose headers   vary: 'Accept-Encoding, Accept' }
20 silly get cb [ 200,
20 silly get   { 'content-type': 'application/json; charset=UTF-8',
20 silly get     server: 'UploadServer',
20 silly get     'cache-control': 'max-age=300',
20 silly get     'last-modified': 'Thu, 15 Mar 2018 4:50:18 GMT',
20 silly get     etag: '"5aa9fb8a-a22a6"',
20 silly get     'x-npm-region': 'US-West',
20 silly get     'content-encoding': 'gzip',
20 silly get     'content-length': '43365',
20 silly get     'accept-ranges': 'bytes',
20 silly get     date: 'Tue, 20 Mar 2018 00:22:40 GMT',
20 silly get     via: '1.1 varnish',
20 silly get     age: '12006',
20 silly get     connection: 'keep-alive',
20 silly get     'x-served-by': 'cache-sea1045-SEA',
20 silly get     'x-cache': 'HIT',
20 silly get     'x-cache-hits': '36',
20 silly get     'x-timer': 'S1521505361.688530,VS0,VE0',
20 silly get     vary: 'Accept-Encoding, Accept' } ]
21 verbose get saving mongodb to /home/jpa87/.npm/registry.npmjs.org/mongodb/.cache.json
22 verbose stack TypeError: gid must be an unsigned int
22 verbose stack     at TypeError (native)
22 verbose stack     at Object.fs.chown (fs.js:1033:11)
22 verbose stack     at Object.chown (/usr/share/npm/node_modules/graceful-fs/polyfills.js:208:17)
22 verbose stack     at /usr/share/npm/node_modules/chownr/chownr.js:12:43
22 verbose stack     at /usr/share/npm/node_modules/graceful-fs/graceful-fs.js:140:16
22 verbose stack     at FSReqWrap.oncomplete (fs.js:82:15)
23 verbose cwd /home/jpa87/sfuhome/cmpt-218/assign3
24 error Linux 4.4.0-109-generic
25 error argv "/usr/bin/nodejs" "/usr/bin/npm" "install" "-g" "mongodb"
26 error node v4.2.6
27 error npm  v3.5.2
28 error gid must be an unsigned int
29 error If you need help, you may report this error at:
29 error     <https://github.com/npm/npm/issues>
30 verbose exit [ 1, true ]
